==25375== Memcheck, a memory error detector
==25375== Copyright (C) 2002-2017, and GNU GPL'd, by Julian Seward et al.
==25375== Using Valgrind-3.13.0 and LibVEX; rerun with -h for copyright info
==25375== Command: /rhome/a/amulalic1/workspace/ASP/PZ4/Z1/.runme
==25375== Parent PID: 25350
==25375== 
==25375== 
==25375== HEAP SUMMARY:
==25375==     in use at exit: 240 bytes in 10 blocks
==25375==   total heap usage: 128 allocs, 118 frees, 76,022 bytes allocated
==25375== 
==25375== 240 (24 direct, 216 indirect) bytes in 1 blocks are definitely lost in loss record 3 of 3
==25375==    at 0x4C3017F: operator new(unsigned long) (in /usr/lib/valgrind/vgpreload_memcheck-amd64-linux.so)
==25375==    by 0x10977D: Red<int>::Red(Red<int> const&) (main.cpp:39)
==25375==    by 0x10999F: bool TestirajDubokoKopiranje<int>(Red<int>) (main.cpp:184)
==25375==    by 0x108FAE: main (main.cpp:337)
==25375== 
==25375== LEAK SUMMARY:
==25375==    definitely lost: 24 bytes in 1 blocks
==25375==    indirectly lost: 216 bytes in 9 blocks
==25375==      possibly lost: 0 bytes in 0 blocks
==25375==    still reachable: 0 bytes in 0 blocks
==25375==         suppressed: 0 bytes in 0 blocks
==25375== 
==25375== For counts of detected and suppressed errors, rerun with: -v
==25375== ERROR SUMMARY: 1 errors from 1 contexts (suppressed: 0 from 0)
