[New LWP 8823]
Core was generated by `'.
Program terminated with signal SIGXCPU, CPU time limit exceeded.
#0  0x00000000001092be in ?? ()
#0  0x00000000001092be in ?? ()
#1  0x00000005ff000910 in ?? ()
#2  0x0000001fff000940 in ?? ()
#3  0x0000000c00000005 in ?? ()
#4  0x9152faa154ce8e00 in ?? ()
#5  0x000000000010ad00 in ?? ()
#6  0x000000000000000c in ?? ()
#7  0x0000001fff000910 in ?? ()
#8  0x00000000001093eb in ?? ()
#9  0x0000001fff000910 in ?? ()
#10 0x0000001fff000940 in ?? ()
#11 0x000000000000000c in ?? ()
#12 0x00000005ff000930 in ?? ()
#13 0x0000001fff000980 in ?? ()
#14 0x0000000000109466 in ?? ()
#15 0x0000000000000000 in ?? ()
