==30867== Memcheck, a memory error detector
==30867== Copyright (C) 2002-2017, and GNU GPL'd, by Julian Seward et al.
==30867== Using Valgrind-3.13.0 and LibVEX; rerun with -h for copyright info
==30867== Command: /rhome/a/amulalic1/workspace/ASP/PZ8/Z1/.runme
==30867== Parent PID: 30858
==30867== 
==30867== 
==30867== Process terminating with default action of signal 1 (SIGHUP)
==30867==    at 0x109DC7: BinStabloMapa<int, int>::pronadji(BSNode<int, int>*, int const&) const (main.cpp:130)
==30867==    by 0x109E24: BinStabloMapa<int, int>::pronadji(BSNode<int, int>*, int const&) const (main.cpp:136)
==30867==    by 0x109E24: BinStabloMapa<int, int>::pronadji(BSNode<int, int>*, int const&) const (main.cpp:136)
==30867==    by 0x109E24: BinStabloMapa<int, int>::pronadji(BSNode<int, int>*, int const&) const (main.cpp:136)
==30867==    by 0x109E24: BinStabloMapa<int, int>::pronadji(BSNode<int, int>*, int const&) const (main.cpp:136)
==30867==    by 0x109E24: BinStabloMapa<int, int>::pronadji(BSNode<int, int>*, int const&) const (main.cpp:136)
==30867==    by 0x109E24: BinStabloMapa<int, int>::pronadji(BSNode<int, int>*, int const&) const (main.cpp:136)
==30867==    by 0x109E24: BinStabloMapa<int, int>::pronadji(BSNode<int, int>*, int const&) const (main.cpp:136)
==30867==    by 0x109E24: BinStabloMapa<int, int>::pronadji(BSNode<int, int>*, int const&) const (main.cpp:136)
==30867==    by 0x109E24: BinStabloMapa<int, int>::pronadji(BSNode<int, int>*, int const&) const (main.cpp:136)
==30867==    by 0x109E24: BinStabloMapa<int, int>::pronadji(BSNode<int, int>*, int const&) const (main.cpp:136)
==30867==    by 0x109E24: BinStabloMapa<int, int>::pronadji(BSNode<int, int>*, int const&) const (main.cpp:136)
==30867== 
==30867== HEAP SUMMARY:
==30867==     in use at exit: 160,400 bytes in 5,002 blocks
==30867==   total heap usage: 5,003 allocs, 1 frees, 233,104 bytes allocated
==30867== 
==30867== LEAK SUMMARY:
==30867==    definitely lost: 0 bytes in 0 blocks
==30867==    indirectly lost: 0 bytes in 0 blocks
==30867==      possibly lost: 0 bytes in 0 blocks
==30867==    still reachable: 160,400 bytes in 5,002 blocks
==30867==         suppressed: 0 bytes in 0 blocks
==30867== Reachable blocks (those to which a pointer was found) are not shown.
==30867== To see them, rerun with: --leak-check=full --show-leak-kinds=all
==30867== 
==30867== For counts of detected and suppressed errors, rerun with: -v
==30867== ERROR SUMMARY: 0 errors from 0 contexts (suppressed: 0 from 0)
