==8826== Memcheck, a memory error detector
==8826== Copyright (C) 2002-2017, and GNU GPL'd, by Julian Seward et al.
==8826== Using Valgrind-3.13.0 and LibVEX; rerun with -h for copyright info
==8826== Command: /rhome/a/amulalic1/workspace/ASP/PZ6/Z1/.runme
==8826== Parent PID: 8816
==8826== 
==8826== 
==8826== Process terminating with default action of signal 24 (SIGXCPU): dumping core
==8826==    at 0x50DE120: std::codecvt<char, char, __mbstate_t>::do_always_noconv() const (in /usr/lib/x86_64-linux-gnu/libstdc++.so.6.0.25)
==8826==    by 0x512D670: std::basic_filebuf<char, std::char_traits<char> >::xsputn(char const*, long) (in /usr/lib/x86_64-linux-gnu/libstdc++.so.6.0.25)
==8826==    by 0x5151B83: std::basic_ostream<char, std::char_traits<char> >& std::__ostream_insert<char, std::char_traits<char> >(std::basic_ostream<char, std::char_traits<char> >&, char const*, long) (in /usr/lib/x86_64-linux-gnu/libstdc++.so.6.0.25)
==8826==    by 0x109E5E: generisi(std::__cxx11::basic_string<char, std::char_traits<char>, std::allocator<char> >, int) (main.cpp:156)
==8826==    by 0x10A566: main (main.cpp:257)
==8826== 
==8826== HEAP SUMMARY:
==8826==     in use at exit: 8,744 bytes in 2 blocks
==8826==   total heap usage: 3 allocs, 1 frees, 81,448 bytes allocated
==8826== 
==8826== LEAK SUMMARY:
==8826==    definitely lost: 0 bytes in 0 blocks
==8826==    indirectly lost: 0 bytes in 0 blocks
==8826==      possibly lost: 0 bytes in 0 blocks
==8826==    still reachable: 8,744 bytes in 2 blocks
==8826==         suppressed: 0 bytes in 0 blocks
==8826== Reachable blocks (those to which a pointer was found) are not shown.
==8826== To see them, rerun with: --leak-check=full --show-leak-kinds=all
==8826== 
==8826== For counts of detected and suppressed errors, rerun with: -v
==8826== ERROR SUMMARY: 0 errors from 0 contexts (suppressed: 0 from 0)
