==29897== Memcheck, a memory error detector
==29897== Copyright (C) 2002-2017, and GNU GPL'd, by Julian Seward et al.
==29897== Using Valgrind-3.13.0 and LibVEX; rerun with -h for copyright info
==29897== Command: /rhome/a/amulalic1/workspace/ASP/PZ2/Z1/.runme
==29897== Parent PID: 29890
==29897== 
==29897== Invalid read of size 4
==29897==    at 0x10973D: bool TestirajKombinacijeDodavanja<int>(Lista<int>&) (main.cpp:996)
==29897==    by 0x1093B8: main (main.cpp:1244)
==29897==  Address 0x0 is not stack'd, malloc'd or (recently) free'd
==29897== 
==29897== 
==29897== Process terminating with default action of signal 11 (SIGSEGV): dumping core
==29897==  Access not within mapped region at address 0x0
==29897==    at 0x10973D: bool TestirajKombinacijeDodavanja<int>(Lista<int>&) (main.cpp:996)
==29897==    by 0x1093B8: main (main.cpp:1244)
==29897==  If you believe this happened as a result of a stack
==29897==  overflow in your program's main thread (unlikely but
==29897==  possible), you can try to increase the size of the
==29897==  main thread stack using the --main-stacksize= flag.
==29897==  The main thread stack size used in this run was 8388608.
==29897== 
==29897== HEAP SUMMARY:
==29897==     in use at exit: 64 bytes in 4 blocks
==29897==   total heap usage: 5 allocs, 1 frees, 72,768 bytes allocated
==29897== 
==29897== 16 bytes in 1 blocks are definitely lost in loss record 4 of 4
==29897==    at 0x4C3017F: operator new(unsigned long) (in /usr/lib/valgrind/vgpreload_memcheck-amd64-linux.so)
==29897==    by 0x109F16: JednostrukaLista<int>::dodajIspred(int const&) (main.cpp:498)
==29897==    by 0x1096D3: bool TestirajKombinacijeDodavanja<int>(Lista<int>&) (main.cpp:776)
==29897==    by 0x1093B8: main (main.cpp:1244)
==29897== 
==29897== LEAK SUMMARY:
==29897==    definitely lost: 16 bytes in 1 blocks
==29897==    indirectly lost: 0 bytes in 0 blocks
==29897==      possibly lost: 0 bytes in 0 blocks
==29897==    still reachable: 48 bytes in 3 blocks
==29897==         suppressed: 0 bytes in 0 blocks
==29897== Reachable blocks (those to which a pointer was found) are not shown.
==29897== To see them, rerun with: --leak-check=full --show-leak-kinds=all
==29897== 
==29897== For counts of detected and suppressed errors, rerun with: -v
==29897== ERROR SUMMARY: 2 errors from 2 contexts (suppressed: 0 from 0)
